<testsuites id="" name="" tests="2" failures="0" skipped="2" errors="0" time="48.434843">
<testsuite name="navigation.spec.js" timestamp="2025-08-30T15:10:42.757Z" hostname="chrome" tests="1" failures="0" skipped="1" time="4.457" errors="0">
<testcase name="TaskFlow - Sidebar Navigation › navigation with JavaScript debugging" classname="navigation.spec.js" time="4.457">
<skipped>
</skipped>
</testcase>
</testsuite>
<testsuite name="navigation.spec.js" timestamp="2025-08-30T15:10:42.757Z" hostname="performance" tests="1" failures="0" skipped="1" time="5.226" errors="0">
<testcase name="TaskFlow - Sidebar Navigation › navigation with JavaScript debugging" classname="navigation.spec.js" time="5.226">
<skipped>
</skipped>
</testcase>
</testsuite>
</testsuites>