<testsuites id="" name="" tests="2" failures="0" skipped="0" errors="0" time="28.698001">
<testsuite name="test-serverless-fix.spec.js" timestamp="2025-08-31T01:58:40.139Z" hostname="chrome" tests="1" failures="0" skipped="0" time="17.645" errors="0">
<testcase name="verify Neon serverless fix is working" classname="test-serverless-fix.spec.js" time="17.645">
<system-out>
<![CDATA[🔧 Testing Neon serverless fixes on: https://daily-vibes-flax.vercel.app

🏥 Testing health endpoint...
Health check result: {
  "status": 200,
  "data": {
    "status": "healthy",
    "timestamp": "2025-08-31T01:58:49.624Z",
    "services": {
      "database": true,
      "encryption": true,
      "userManager": true
    }
  }
}
✅ Health check passed
✅ UI loaded successfully

📝 Testing task creation API directly...
API test result: {
  "status": 200,
  "statusText": "",
  "data": {
    "success": true,
    "task": {
      "id": "mez1kzbt2b25rk7jule",
      "user_id": "default",
      "title": "Serverless Fix Test",
      "description": "Testing if Neon serverless driver is working",
      "priority": "high",
      "category": "test",
      "status": "todo",
      "due_date": null,
      "due_time": null,
      "due_datetime": null,
      "created_at": "2025-08-31T01:58:57.500Z",
      "updated_at": "2025-08-31T01:58:57.500Z"
    }
  }
}

🎉 SUCCESS! Neon serverless API is now working!
✅ Database connection: Working
✅ Task creation: Working
✅ Serverless functions: Working

🖱️ Testing UI task creation...
✅ UI task creation: Working

🚀 COMPLETE SUCCESS - All systems working!
]]>
</system-out>
</testcase>
</testsuite>
<testsuite name="test-serverless-fix.spec.js" timestamp="2025-08-31T01:58:40.139Z" hostname="performance" tests="1" failures="0" skipped="0" time="20.256" errors="0">
<testcase name="verify Neon serverless fix is working" classname="test-serverless-fix.spec.js" time="20.256">
<system-out>
<![CDATA[🔧 Testing Neon serverless fixes on: https://daily-vibes-flax.vercel.app

🏥 Testing health endpoint...
Health check result: {
  "status": 200,
  "data": {
    "status": "healthy",
    "timestamp": "2025-08-31T01:58:49.688Z",
    "services": {
      "database": true,
      "encryption": true,
      "userManager": true
    }
  }
}
✅ Health check passed
✅ UI loaded successfully

📝 Testing task creation API directly...
API test result: {
  "status": 200,
  "statusText": "",
  "data": {
    "success": true,
    "task": {
      "id": "mez1l163jbzghu0iu69",
      "user_id": "default",
      "title": "Serverless Fix Test",
      "description": "Testing if Neon serverless driver is working",
      "priority": "high",
      "category": "test",
      "status": "todo",
      "due_date": null,
      "due_time": null,
      "due_datetime": null,
      "created_at": "2025-08-31T01:58:59.886Z",
      "updated_at": "2025-08-31T01:58:59.886Z"
    }
  }
}

🎉 SUCCESS! Neon serverless API is now working!
✅ Database connection: Working
✅ Task creation: Working
✅ Serverless functions: Working

🖱️ Testing UI task creation...
✅ UI task creation: Working

🚀 COMPLETE SUCCESS - All systems working!
]]>
</system-out>
</testcase>
</testsuite>
</testsuites>